<?xml version="1.0" encoding="UTF-8"?>
<!-- Generated by org.testng.reporters.JUnitReportReporter -->
<testsuite skipped="0" hostname="lgvn15236" name="tests.Agoda.TS_Agoda" tests="1" failures="0" timestamp="2020-04-01T17:49:12 ICT" time="33.858" errors="0">
  <testcase name="TC01" time="33.858" classname="tests.Agoda.TS_Agoda"/>
  <system-out>
<b>INFO: </b>Precondition: Initial Data  </system-out>
</testsuite> <!-- tests.Agoda.TS_Agoda -->
